<?xml version="1.0" encoding="UTF-8" standalone="no"?><testsuite errors="1" failures="0" name="PeruRail page" skipped="0" tests="1" time="3.58" timestamp="2024-02-03 10:35:10"><testcase name="Ingreso a la pagina home y verifico el titulo"><error message="The path to the driver executable The path to the driver executable must be set by the webdriver.chrome.driver system property; for more information, see https://chromedriver.chromium.org/. The latest version can be downloaded from https://chromedriver.chromium.org/downloads" type="java.lang.IllegalStateException">The path to the driver executable The path to the driver executable must be set by the webdriver.chrome.driver system property; for more information, see https://chromedriver.chromium.org/. The latest version can be downloaded from https://chromedriver.chromium.org/downloads</error><system-err>The path to the driver executable The path to the driver executable must be set by the webdriver.chrome.driver system property; for more information, see https://chromedriver.chromium.org/. The latest version can be downloaded from https://chromedriver.chromium.org/downloads&#13;
com.primerproyecto.pom.flor.web.steps.TestNgStep.tearDown(TestNgStep.java:24)&#13;
com.primerproyecto.pom.flor.web.stepdefinition.TestNgStepDefinition.queIngreséALaPaginaWeb(TestNgStepDefinition.java:18)&#13;
✽.Que ingresé a la pagina web(file:///C:/Users/princ/IdeaProjects/InicioAutomatizacion/src/test/recursos/features/testNG.feature:9)&#13;
</system-err></testcase></testsuite>